<?xml version="1.0" encoding="UTF-8"?>
<coverage generated="1696415718997" clover="3.2.0">
  <project timestamp="1696415718997" name="All files">
    <metrics statements="17" coveredstatements="17" conditionals="5" coveredconditionals="5" methods="4" coveredmethods="4" elements="26" coveredelements="26" complexity="0" loc="17" ncloc="17" packages="1" files="1" classes="1"/>
    <file name="cart.ts" path="C:\Users\Jaipur\Desktop\Repos\WebEngineeringEinzelprojekt\Frontend Applikation\src\cart.ts">
      <metrics statements="17" coveredstatements="17" conditionals="5" coveredconditionals="5" methods="4" coveredmethods="4"/>
      <line num="1" count="1" type="stmt"/>
      <line num="2" count="2" type="cond" truecount="1" falsecount="0"/>
      <line num="3" count="2" type="stmt"/>
      <line num="4" count="2" type="stmt"/>
      <line num="5" count="2" type="cond" truecount="1" falsecount="0"/>
      <line num="6" count="2" type="stmt"/>
      <line num="7" count="2" type="stmt"/>
      <line num="8" count="2" type="stmt"/>
      <line num="9" count="2" type="cond" truecount="1" falsecount="0"/>
      <line num="10" count="2" type="stmt"/>
      <line num="11" count="2" type="stmt"/>
      <line num="12" count="2" type="stmt"/>
      <line num="13" count="2" type="cond" truecount="1" falsecount="0"/>
      <line num="14" count="1" type="cond" truecount="1" falsecount="0"/>
      <line num="15" count="1" type="stmt"/>
      <line num="16" count="1" type="stmt"/>
      <line num="17" count="2" type="stmt"/>
    </file>
  </project>
</coverage>
