{"C:\\Users\\Jaipur\\Desktop\\Repos\\WebEngineeringEinzelprojekt\\Frontend Applikation\\src\\cart.ts": {"path":"C:\\Users\\Jaipur\\Desktop\\Repos\\WebEngineeringEinzelprojekt\\Frontend Applikation\\src\\cart.ts","all":false,"statementMap":{"0":{"start":{"line":1,"column":0},"end":{"line":1,"column":10}},"1":{"start":{"line":2,"column":0},"end":{"line":2,"column":27}},"2":{"start":{"line":3,"column":0},"end":{"line":3,"column":25}},"3":{"start":{"line":4,"column":0},"end":{"line":4,"column":0}},"4":{"start":{"line":5,"column":0},"end":{"line":5,"column":17}},"5":{"start":{"line":6,"column":0},"end":{"line":6,"column":21}},"6":{"start":{"line":7,"column":0},"end":{"line":7,"column":3}},"7":{"start":{"line":8,"column":0},"end":{"line":8,"column":0}},"8":{"start":{"line":9,"column":0},"end":{"line":9,"column":27}},"9":{"start":{"line":10,"column":0},"end":{"line":10,"column":27}},"10":{"start":{"line":11,"column":0},"end":{"line":11,"column":3}},"11":{"start":{"line":12,"column":0},"end":{"line":12,"column":0}},"12":{"start":{"line":13,"column":0},"end":{"line":13,"column":32}},"13":{"start":{"line":14,"column":0},"end":{"line":14,"column":66}},"14":{"start":{"line":15,"column":0},"end":{"line":15,"column":32}},"15":{"start":{"line":16,"column":0},"end":{"line":16,"column":3}},"16":{"start":{"line":17,"column":0},"end":{"line":17,"column":1}}},"s":{"0":1,"1":2,"2":2,"3":2,"4":2,"5":2,"6":2,"7":2,"8":2,"9":2,"10":2,"11":2,"12":2,"13":1,"14":1,"15":1,"16":2},"branchMap":{"0":{"type":"branch","line":2,"loc":{"start":{"line":2,"column":0},"end":{"line":17,"column":1}},"locations":[{"start":{"line":2,"column":0},"end":{"line":17,"column":1}}]},"1":{"type":"branch","line":5,"loc":{"start":{"line":5,"column":2},"end":{"line":7,"column":3}},"locations":[{"start":{"line":5,"column":2},"end":{"line":7,"column":3}}]},"2":{"type":"branch","line":9,"loc":{"start":{"line":9,"column":2},"end":{"line":11,"column":3}},"locations":[{"start":{"line":9,"column":2},"end":{"line":11,"column":3}}]},"3":{"type":"branch","line":13,"loc":{"start":{"line":13,"column":2},"end":{"line":16,"column":3}},"locations":[{"start":{"line":13,"column":2},"end":{"line":16,"column":3}}]},"4":{"type":"branch","line":14,"loc":{"start":{"line":14,"column":45},"end":{"line":14,"column":64}},"locations":[{"start":{"line":14,"column":45},"end":{"line":14,"column":64}}]}},"b":{"0":[2],"1":[2],"2":[2],"3":[1],"4":[1]},"fnMap":{"0":{"name":"<instance_members_initializer>","decl":{"start":{"line":2,"column":0},"end":{"line":17,"column":1}},"loc":{"start":{"line":2,"column":0},"end":{"line":17,"column":1}},"line":2},"1":{"name":"Cart","decl":{"start":{"line":5,"column":2},"end":{"line":7,"column":3}},"loc":{"start":{"line":5,"column":2},"end":{"line":7,"column":3}},"line":5},"2":{"name":"addToCart","decl":{"start":{"line":9,"column":2},"end":{"line":11,"column":3}},"loc":{"start":{"line":9,"column":2},"end":{"line":11,"column":3}},"line":9},"3":{"name":"removeFromCart","decl":{"start":{"line":13,"column":2},"end":{"line":16,"column":3}},"loc":{"start":{"line":13,"column":2},"end":{"line":16,"column":3}},"line":13}},"f":{"0":2,"1":2,"2":2,"3":1}}
}
